1532260244875	geckodriver	INFO	geckodriver 0.19.1
1532260244890	geckodriver	INFO	Listening on 127.0.0.1:49906
1532260248000	mozrunner::runner	INFO	Running command: "C:\\Program Files\\Mozilla Firefox\\firefox.exe" "-marionette" "-profile" "C:\\Users\\Lenovo\\AppData\\Local\\Temp\\rust_mozprofile.FcyBhnpYx8Dx"
Unable to read VR Path Registry from C:\Users\Lenovo\AppData\Local\openvr\openvrpaths.vrpath
1532260250306	Marionette	INFO	Enabled via --marionette
Unable to read VR Path Registry from C:\Users\Lenovo\AppData\Local\openvr\openvrpaths.vrpath
Unable to read VR Path Registry from C:\Users\Lenovo\AppData\Local\openvr\openvrpaths.vrpath
Unable to read VR Path Registry from C:\Users\Lenovo\AppData\Local\openvr\openvrpaths.vrpath
[GPU 12192] WARNING: pipe error: 109: file c:/builds/moz2_slave/m-rel-w64-00000000000000000000/build/src/ipc/chromium/src/chrome/common/ipc_channel_win.cc, line 346
1532260253501	Marionette	INFO	Listening on port 49914
[Child 9352] WARNING: pipe error: 109: file c:/builds/moz2_slave/m-rel-w64-00000000000000000000/build/src/ipc/chromium/src/chrome/common/ipc_channel_win.cc, line 346
[Child 9352] WARN1532260253504	Marionette	INFO	Listening on port 49914
1532260253831	Marionette	WARN	TLS certificate errors will be ignored for this session
1532260253899	Marionette	DEBUG	loaded listener.js
1532260253970	Marionette	DEBUG	Received DOM event "beforeunload" for "about:blank"
1532260254924	Marionette	DEBUG	Received DOM event "pagehide" for "about:blank"
1532260254925	Marionette	DEBUG	Received DOM event "unload" for "about:blank"
JavaScript error: https://ss1.bdstatic.com/5eN1bjq8AAUYm2zgoY3K/r/www/cache/static/protocol/https/plugins/every_cookie_4644b13.js, line 4: ReferenceError: c is not defined
1532260255958	Marionette	DEBUG	Received DOM event "DOMContentLoaded" for "https://www.baidu.com/"
1532260256272	Marionette	DEBUG	Received DOM event "pageshow" for "https://www.baidu.com/"
1532260256616	Marionette	DEBUG	Canceled page load listener because no navigation has been detected
[Parent 3244] WARNING: pipe error: 109: file c:/builds/moz2_slave/m-rel-w64-00000000000000000000/build/src/ipc/chromium/src/chrome/common/ipc_channel_win.cc, line 346

###!!! [Parent][MessageChannel] Error: (msgtype=0x28008C,name=PBrowser::Msg_UpdateNativeWindowHandle) Closed channel: cannot send/recv


###!!! [Parent][MessageChannel] Error: (msgtype=0x280080,name=PBrowser::Msg_Destroy) Closed channel: cannot send/recv


###!!! [Child][MessageChannel] Error: (msgtype=0x280001,name=PBrowser::Msg_AsyncMessage) Closed channel: cannot send/recv

JavaScript error: chrome://browser/content/tab-content.js, line 329: NS_ERROR_UNEXPECTED: Component returned failure code: 0x8000ffff (NS_ERROR_UNEXPECTED) [nsIMessageSender.sendAsyncMessage]

###!!! [Child][MessageChannel] Error: (msgtype=0x280001,name=PBrowser::Msg_AsyncMessage) Closed channel: cannot send/recv

JavaScript error: chrome://browser/content/content.js, line 756: NS_ERROR_UNEXPECTED: Component returned failure code: 0x8000ffff (NS_ERROR_UNEXPECTED) [nsIMessageSender.sendAsyncMessage]
[Child 8660] WARNING: pipe error: 109: file c:/builds/moz2_slave/m-rel-w64-00000000000000000000/build/src/ipc/chromium/
###!!! [Child][MessageChannel] Error: (msgtype=0x28002A,name=PBrowser::Msg_EnableDisableCommands) Closed channel: cannot send/recv

src/chrome/common/ipc_channel_win.cc, line 346

###!!! [Child][MessageChannel::SendAndWait] Error: (msgtype=0x280017,name=PBrowser::Msg_NotifyIMEFocus) Closed channel: cannot send/recv


###!!! [Child][MessageChannel] Error: (msgtype=0x28002D,name=PBrowser::Msg_SetInputContext) Closed channel: cannot send/recv


###!!! [Child][MessageChannel::SendAndWait] Error: (msgtype=0x480001,name=PCookieService::Msg_GetCookieString) Closed channel: cannot send/recv


###!!! [Child][MessageChannel] Error: (msgtype=0x480003,name=PCookieService::Msg_SetCookieString) Closed channel: cannot send/recv


###!!! [Child][MessageChannel::SendAndWait] Error: (msgtype=0x480001,name=PCookieService::Msg_GetCookieString) Closed channel: cannot send/recv


###!!! [Child][MessageChannel] Error: (msgtype=0x280001,name=PBrowser::Msg_AsyncMessage) Closed channel: cannot send/recv

JavaScript error: chrome://global/content/browser-child.js, line 114: NS_ERROR_UNEXPECTED: Component returned failure code: 0x8000ffff (NS_ERROR_UNEXPECTED) [nsIMessageSender.sendAsyncMessage]

###!!! [Child][MessageChannel] Error: (msgtype=0x28002D,name=PBrowser::Msg_SetInputContext) Closed channel: cannot send/recv

